app/build/intermediates/manifest_merge_blame_file/release/manifest-merger-blame-release-report.txt
1<?xml version="1.0" encoding="utf-8"?>
2<manifest xmlns:android="http://schemas.android.com/apk/res/android"
3    package="com.syndicate.lead"
4    android:versionCode="2"
5    android:versionName="1.1" >
6
7    <uses-sdk
8        android:minSdkVersion="19"
8-->src\main\AndroidManifest.xml
9        android:targetSdkVersion="30" />
9-->src\main\AndroidManifest.xml
10
11    <uses-permission android:name="android.permission.ACCESS_NETWORK_STATE" />
11-->src\main\AndroidManifest.xml:8:5-79
11-->src\main\AndroidManifest.xml:8:22-76
12    <uses-permission android:name="android.permission.INTERNET" />
12-->src\main\AndroidManifest.xml:9:5-66
12-->src\main\AndroidManifest.xml:9:22-64
13    <uses-permission android:name="android.permission.ACCESS_NETWORK_STATE" />
13-->src\main\AndroidManifest.xml:8:5-79
13-->src\main\AndroidManifest.xml:8:22-76
14    <uses-permission android:name="android.permission.ACCESS_NETWORK_STATE" />
14-->src\main\AndroidManifest.xml:8:5-79
14-->src\main\AndroidManifest.xml:8:22-76
15    <uses-permission android:name="android.permission.ACCESS_COARSE_LOCATION" />
15-->src\main\AndroidManifest.xml:12:5-80
15-->src\main\AndroidManifest.xml:12:22-78
16    <uses-permission android:name="android.permission.ACCESS_FINE_LOCATION" />
16-->src\main\AndroidManifest.xml:13:5-78
16-->src\main\AndroidManifest.xml:13:22-76
17    <uses-permission android:name="android.permission.WRITE_EXTERNAL_STORAGE" />
17-->src\main\AndroidManifest.xml:14:5-80
17-->src\main\AndroidManifest.xml:14:22-78
18    <uses-permission android:name="android.permission.READ_EXTERNAL_STORAGE" />
18-->src\main\AndroidManifest.xml:15:5-79
18-->src\main\AndroidManifest.xml:15:22-77
19
20    <uses-feature android:name="android.hardware.camera.autofocus" />
20-->src\main\AndroidManifest.xml:16:5-70
20-->src\main\AndroidManifest.xml:16:19-67
21
22    <uses-permission android:name="android.permission.CAMERA" />
22-->src\main\AndroidManifest.xml:17:5-65
22-->src\main\AndroidManifest.xml:17:22-62
23    <uses-permission android:name="android.permission.ACCESS_WIFI_STATE" />
23-->src\main\AndroidManifest.xml:18:5-76
23-->src\main\AndroidManifest.xml:18:22-73
24    <uses-permission android:name="android.permission.GET_ACCOUNTS" />
24-->src\main\AndroidManifest.xml:19:5-71
24-->src\main\AndroidManifest.xml:19:22-68
25    <uses-permission android:name="android.permission.MANAGE_ACCOUNTS" />
25-->src\main\AndroidManifest.xml:20:5-74
25-->src\main\AndroidManifest.xml:20:22-71
26    <uses-permission android:name="android.permission.USE_CREDENTIALS" />
26-->src\main\AndroidManifest.xml:21:5-74
26-->src\main\AndroidManifest.xml:21:22-71
27    <uses-permission android:name="android.permission.BLUETOOTH_ADMIN" />
27-->src\main\AndroidManifest.xml:70:5-74
27-->src\main\AndroidManifest.xml:70:22-71
28    <uses-permission android:name="android.permission.BLUETOOTH" />
28-->src\main\AndroidManifest.xml:71:5-68
28-->src\main\AndroidManifest.xml:71:22-65
29    <uses-permission android:name="android.permission.INTERNET" />
29-->src\main\AndroidManifest.xml:9:5-66
29-->src\main\AndroidManifest.xml:9:22-64
30    <uses-permission android:name="android.permission.WRITE_EXTERNAL_STORAGE" />
30-->src\main\AndroidManifest.xml:14:5-80
30-->src\main\AndroidManifest.xml:14:22-78
31    <uses-permission android:name="android.permission.CHANGE_WIFI_STATE" />
31-->[com.mojoauth.android:mojoauth-sdk:1.1.0] AndroidManifest.xml:12:5-76
31-->[com.mojoauth.android:mojoauth-sdk:1.1.0] AndroidManifest.xml:12:22-73
32
33    <application
33-->src\main\AndroidManifest.xml:23:5-69:19
34        android:name="androidx.multidex.MultiDexApplication"
35        android:allowBackup="false"
35-->src\main\AndroidManifest.xml:24:9-36
36        android:appComponentFactory="androidx.core.app.CoreComponentFactory"
36-->[androidx.core:core:1.3.0] AndroidManifest.xml:24:18-86
37        android:icon="@mipmap/ic_launcher"
37-->src\main\AndroidManifest.xml:25:9-43
38        android:label="@string/app_name"
38-->src\main\AndroidManifest.xml:27:9-41
39        android:requestLegacyExternalStorage="true"
39-->src\main\AndroidManifest.xml:29:9-52
40        android:roundIcon="@mipmap/ic_launcher_round"
40-->src\main\AndroidManifest.xml:26:9-54
41        android:supportsRtl="true"
41-->[com.github.ar-android:AndroidSvgLoader:1.0.0] AndroidManifest.xml:14:9-35
42        android:theme="@style/AppTheme"
42-->src\main\AndroidManifest.xml:31:9-40
43        android:usesCleartextTraffic="true" >
43-->src\main\AndroidManifest.xml:28:9-44
44        <uses-library
44-->src\main\AndroidManifest.xml:33:9-35:40
45            android:name="org.apache.http.legacy"
45-->src\main\AndroidManifest.xml:34:13-50
46            android:required="false" />
46-->src\main\AndroidManifest.xml:35:13-37
47
48        <activity
48-->src\main\AndroidManifest.xml:37:9-45:20
49            android:name="com.syndicate.lead.activity.MainActivity"
49-->src\main\AndroidManifest.xml:38:13-68
50            android:label="@string/app_name" >
50-->src\main\AndroidManifest.xml:39:13-45
51            <intent-filter>
51-->src\main\AndroidManifest.xml:40:13-44:29
52                <action android:name="android.intent.action.MAIN" />
52-->src\main\AndroidManifest.xml:41:17-69
52-->src\main\AndroidManifest.xml:41:25-66
53
54                <category android:name="android.intent.category.LAUNCHER" />
54-->src\main\AndroidManifest.xml:43:17-77
54-->src\main\AndroidManifest.xml:43:27-74
55            </intent-filter>
56        </activity>
57        <activity
57-->src\main\AndroidManifest.xml:46:9-47:58
58            android:name="com.syndicate.lead.activity.LeadsMainActivity"
58-->src\main\AndroidManifest.xml:46:19-79
59            android:theme="@style/AppTheme.NoActionBar" />
59-->src\main\AndroidManifest.xml:47:13-56
60        <activity
60-->src\main\AndroidManifest.xml:49:9-50:58
61            android:name="com.syndicate.lead.activity.DashboardActivity"
61-->src\main\AndroidManifest.xml:49:19-79
62            android:theme="@style/AppTheme.NoActionBar" />
62-->src\main\AndroidManifest.xml:50:13-56
63        <activity android:name="com.syndicate.lead.activity.CorporateRegistrationActivity" />
63-->src\main\AndroidManifest.xml:53:9-93
63-->src\main\AndroidManifest.xml:53:19-91
64        <activity android:name="com.syndicate.lead.activity.UserRegistrationActivity" />
64-->src\main\AndroidManifest.xml:54:9-88
64-->src\main\AndroidManifest.xml:54:19-86
65        <activity android:name="com.syndicate.lead.activity.EnquiryActivity" />
65-->src\main\AndroidManifest.xml:55:9-79
65-->src\main\AndroidManifest.xml:55:19-77
66        <activity android:name="com.syndicate.lead.corporate.LiveLeadsActivity" />
66-->src\main\AndroidManifest.xml:56:9-82
66-->src\main\AndroidManifest.xml:56:19-80
67        <activity android:name="com.syndicate.lead.corporate.EnquriesActivity" />
67-->src\main\AndroidManifest.xml:57:9-81
67-->src\main\AndroidManifest.xml:57:19-79
68
69        <provider
70            android:name="androidx.core.content.FileProvider"
70-->src\main\AndroidManifest.xml:60:13-62
71            android:authorities="com.syndicate.lead.provider"
71-->src\main\AndroidManifest.xml:61:13-60
72            android:exported="false"
72-->src\main\AndroidManifest.xml:62:13-37
73            android:grantUriPermissions="true" >
73-->src\main\AndroidManifest.xml:63:13-47
74            <meta-data
74-->src\main\AndroidManifest.xml:64:13-66:58
75                android:name="android.support.FILE_PROVIDER_PATHS"
75-->src\main\AndroidManifest.xml:65:17-67
76                android:resource="@xml/provider_paths" />
76-->src\main\AndroidManifest.xml:66:17-55
77        </provider>
78    </application>
79
80</manifest>